13.01.2026 21:13:47.460 [main] INFO  c.e.p.s.s.SimpleSpringBootMvcApplication - Starting SimpleSpringBootMvcApplication using Java 17.0.14 with PID 2424 (D:\JavaProjects\springBookProject\simple-spring-boot-mvc\target\classes started by Eduard in D:\JavaProjects\springBookProject\simple-spring-boot-mvc)
13.01.2026 21:13:47.464 [main] INFO  c.e.p.s.s.SimpleSpringBootMvcApplication - No active profile set, falling back to 1 default profile: "default"
13.01.2026 21:13:47.641 [background-preinit] INFO  o.h.v.i.util.Version - HV000001: Hibernate Validator 9.0.1.Final
13.01.2026 21:13:47.847 [main] INFO  o.s.d.r.c.RepositoryConfigurationDelegate - Bootstrapping Spring Data JPA repositories in DEFAULT mode.
13.01.2026 21:13:47.888 [main] INFO  o.s.d.r.c.RepositoryConfigurationDelegate - Finished Spring Data repository scanning in 34 ms. Found 4 JPA repository interfaces.
13.01.2026 21:13:48.160 [main] INFO  o.s.b.t.TomcatWebServer - Tomcat initialized with port 8888 (http)
13.01.2026 21:13:48.168 [main] INFO  o.a.c.h.Http11NioProtocol - Initializing ProtocolHandler ["http-nio-8888"]
13.01.2026 21:13:48.169 [main] INFO  o.a.c.c.StandardService - Starting service [Tomcat]
13.01.2026 21:13:48.169 [main] INFO  o.a.c.c.StandardEngine - Starting Servlet engine: [Apache Tomcat/11.0.14]
13.01.2026 21:13:48.208 [main] INFO  o.s.b.w.c.s.WebApplicationContextInitializer - Root WebApplicationContext: initialization completed in 717 ms
13.01.2026 21:13:48.285 [main] INFO  c.z.h.HikariDataSource - HikariPool-1 - Starting...
13.01.2026 21:13:48.648 [main] INFO  c.z.h.p.HikariPool - HikariPool-1 - Added connection org.postgresql.jdbc.PgConnection@6ddc67d0
13.01.2026 21:13:48.649 [main] INFO  c.z.h.HikariDataSource - HikariPool-1 - Start completed.
13.01.2026 21:13:48.670 [main] INFO  o.h.j.i.u.LogHelper - HHH000204: Processing PersistenceUnitInfo [name: default]
13.01.2026 21:13:48.722 [main] INFO  o.hibernate.Version - HHH000412: Hibernate ORM core version 7.1.8.Final
13.01.2026 21:13:49.044 [main] INFO  o.s.o.j.p.SpringPersistenceUnitInfo - No LoadTimeWeaver setup: ignoring JPA class transformer
13.01.2026 21:13:49.632 [main] INFO  o.h.o.c.pooling - HHH10001005: Database info:
	Database JDBC URL [jdbc:postgresql://localhost:5432/myPetMVC]
	Database driver: PostgreSQL JDBC Driver
	Database dialect: PostgreSQLDialect
	Database version: 17.4
	Default catalog/schema: myPetMVC/public
	Autocommit mode: undefined/unknown
	Isolation level: READ_COMMITTED [default READ_COMMITTED]
	JDBC fetch size: none
	Pool: DatasourceConnectionProviderImpl
	Minimum pool size: undefined/unknown
	Maximum pool size: undefined/unknown
13.01.2026 21:13:49.765 [main] WARN  o.h.b.m.i.CollectionBinder - Association 'com.example.perestoronin.springbook.simple_spring_boot_mvc.dao.domain.Pet.achievements' is 'mappedBy' another entity and should not specify a '@MapKeyColumn' (use '@MapKey' instead)
13.01.2026 21:13:49.768 [main] WARN  o.h.b.m.i.CollectionBinder - Association 'com.example.perestoronin.springbook.simple_spring_boot_mvc.dao.domain.Pet.buildingMaterials' is 'mappedBy' another entity and should not specify a '@MapKeyColumn' (use '@MapKey' instead)
13.01.2026 21:13:49.769 [main] WARN  o.h.b.m.i.CollectionBinder - Association 'com.example.perestoronin.springbook.simple_spring_boot_mvc.dao.domain.Pet.drinks' is 'mappedBy' another entity and should not specify a '@MapKeyColumn' (use '@MapKey' instead)
13.01.2026 21:13:49.770 [main] WARN  o.h.b.m.i.CollectionBinder - Association 'com.example.perestoronin.springbook.simple_spring_boot_mvc.dao.domain.Pet.foods' is 'mappedBy' another entity and should not specify a '@MapKeyColumn' (use '@MapKey' instead)
13.01.2026 21:13:49.770 [main] WARN  o.h.b.m.i.CollectionBinder - Association 'com.example.perestoronin.springbook.simple_spring_boot_mvc.dao.domain.Pet.journalEntries' is 'mappedBy' another entity and should not specify a '@MapKeyColumn' (use '@MapKey' instead)
13.01.2026 21:13:49.776 [main] WARN  o.h.b.m.i.CollectionBinder - Association 'com.example.perestoronin.springbook.simple_spring_boot_mvc.dao.domain.Refrigerator.refrigeratorCosts' is 'mappedBy' another entity and should not specify a '@MapKeyColumn' (use '@MapKey' instead)
13.01.2026 21:13:50.392 [main] INFO  o.h.e.t.j.p.i.JtaPlatformInitiator - HHH000489: No JTA platform available (set 'hibernate.transaction.jta.platform' to enable JTA platform integration)
13.01.2026 21:13:50.565 [main] INFO  o.s.o.j.LocalContainerEntityManagerFactoryBean - Initialized JPA EntityManagerFactory for persistence unit 'default'
13.01.2026 21:13:50.580 [main] WARN  o.s.b.w.s.s.c.AnnotationConfigServletWebServerApplicationContext - Exception encountered during context initialization - cancelling refresh attempt: org.springframework.beans.factory.UnsatisfiedDependencyException: Error creating bean with name 'publicController': Unsatisfied dependency expressed through field 'publicService': No qualifying bean of type 'com.example.perestoronin.springbook.simple_spring_boot_mvc.service.PublicApiService' available: expected at least 1 bean which qualifies as autowire candidate. Dependency annotations: {@org.springframework.beans.factory.annotation.Autowired(required=true)}
13.01.2026 21:13:50.581 [main] INFO  o.s.o.j.LocalContainerEntityManagerFactoryBean - Closing JPA EntityManagerFactory for persistence unit 'default'
13.01.2026 21:13:50.582 [main] INFO  c.z.h.HikariDataSource - HikariPool-1 - Shutdown initiated...
13.01.2026 21:13:50.583 [main] INFO  c.z.h.HikariDataSource - HikariPool-1 - Shutdown completed.
13.01.2026 21:13:50.585 [main] INFO  o.a.c.c.StandardService - Stopping service [Tomcat]
13.01.2026 21:13:50.591 [main] INFO  o.s.b.a.l.ConditionEvaluationReportLogger - 

Error starting ApplicationContext. To display the condition evaluation report re-run your application with 'debug' enabled.
13.01.2026 21:13:50.600 [main] ERROR o.s.b.d.LoggingFailureAnalysisReporter - 

***************************
APPLICATION FAILED TO START
***************************

Description:

Field publicService in com.example.perestoronin.springbook.simple_spring_boot_mvc.controller.api.PublicController required a bean of type 'com.example.perestoronin.springbook.simple_spring_boot_mvc.service.PublicApiService' that could not be found.

The injection point has the following annotations:
	- @org.springframework.beans.factory.annotation.Autowired(required=true)


Action:

Consider defining a bean of type 'com.example.perestoronin.springbook.simple_spring_boot_mvc.service.PublicApiService' in your configuration.

13.01.2026 21:33:16.619 [main] INFO  c.e.p.s.s.SimpleSpringBootMvcApplication - Starting SimpleSpringBootMvcApplication using Java 17.0.14 with PID 8592 (D:\JavaProjects\springBookProject\simple-spring-boot-mvc\target\classes started by Eduard in D:\JavaProjects\springBookProject\simple-spring-boot-mvc)
13.01.2026 21:33:16.621 [main] INFO  c.e.p.s.s.SimpleSpringBootMvcApplication - No active profile set, falling back to 1 default profile: "default"
13.01.2026 21:33:16.721 [background-preinit] INFO  o.h.v.i.util.Version - HV000001: Hibernate Validator 9.0.1.Final
13.01.2026 21:33:16.937 [main] INFO  o.s.d.r.c.RepositoryConfigurationDelegate - Bootstrapping Spring Data JPA repositories in DEFAULT mode.
13.01.2026 21:33:16.971 [main] INFO  o.s.d.r.c.RepositoryConfigurationDelegate - Finished Spring Data repository scanning in 29 ms. Found 4 JPA repository interfaces.
13.01.2026 21:33:17.196 [main] INFO  o.s.b.t.TomcatWebServer - Tomcat initialized with port 8888 (http)
13.01.2026 21:33:17.201 [main] INFO  o.a.c.h.Http11NioProtocol - Initializing ProtocolHandler ["http-nio-8888"]
13.01.2026 21:33:17.202 [main] INFO  o.a.c.c.StandardService - Starting service [Tomcat]
13.01.2026 21:33:17.202 [main] INFO  o.a.c.c.StandardEngine - Starting Servlet engine: [Apache Tomcat/11.0.14]
13.01.2026 21:33:17.232 [main] INFO  o.s.b.w.c.s.WebApplicationContextInitializer - Root WebApplicationContext: initialization completed in 591 ms
13.01.2026 21:33:17.293 [main] INFO  c.z.h.HikariDataSource - HikariPool-1 - Starting...
13.01.2026 21:33:17.384 [main] INFO  c.z.h.p.HikariPool - HikariPool-1 - Added connection org.postgresql.jdbc.PgConnection@787178b1
13.01.2026 21:33:17.385 [main] INFO  c.z.h.HikariDataSource - HikariPool-1 - Start completed.
13.01.2026 21:33:17.399 [main] INFO  o.h.j.i.u.LogHelper - HHH000204: Processing PersistenceUnitInfo [name: default]
13.01.2026 21:33:17.426 [main] INFO  o.hibernate.Version - HHH000412: Hibernate ORM core version 7.1.8.Final
13.01.2026 21:33:17.656 [main] INFO  o.s.o.j.p.SpringPersistenceUnitInfo - No LoadTimeWeaver setup: ignoring JPA class transformer
13.01.2026 21:33:17.711 [main] INFO  o.h.o.c.pooling - HHH10001005: Database info:
	Database JDBC URL [jdbc:postgresql://localhost:5432/myPetMVC]
	Database driver: PostgreSQL JDBC Driver
	Database dialect: PostgreSQLDialect
	Database version: 17.4
	Default catalog/schema: myPetMVC/public
	Autocommit mode: undefined/unknown
	Isolation level: READ_COMMITTED [default READ_COMMITTED]
	JDBC fetch size: none
	Pool: DatasourceConnectionProviderImpl
	Minimum pool size: undefined/unknown
	Maximum pool size: undefined/unknown
13.01.2026 21:33:17.808 [main] WARN  o.h.b.m.i.CollectionBinder - Association 'com.example.perestoronin.springbook.simple_spring_boot_mvc.dao.domain.Pet.achievements' is 'mappedBy' another entity and should not specify a '@MapKeyColumn' (use '@MapKey' instead)
13.01.2026 21:33:17.811 [main] WARN  o.h.b.m.i.CollectionBinder - Association 'com.example.perestoronin.springbook.simple_spring_boot_mvc.dao.domain.Pet.buildingMaterials' is 'mappedBy' another entity and should not specify a '@MapKeyColumn' (use '@MapKey' instead)
13.01.2026 21:33:17.812 [main] WARN  o.h.b.m.i.CollectionBinder - Association 'com.example.perestoronin.springbook.simple_spring_boot_mvc.dao.domain.Pet.drinks' is 'mappedBy' another entity and should not specify a '@MapKeyColumn' (use '@MapKey' instead)
13.01.2026 21:33:17.813 [main] WARN  o.h.b.m.i.CollectionBinder - Association 'com.example.perestoronin.springbook.simple_spring_boot_mvc.dao.domain.Pet.foods' is 'mappedBy' another entity and should not specify a '@MapKeyColumn' (use '@MapKey' instead)
13.01.2026 21:33:17.813 [main] WARN  o.h.b.m.i.CollectionBinder - Association 'com.example.perestoronin.springbook.simple_spring_boot_mvc.dao.domain.Pet.journalEntries' is 'mappedBy' another entity and should not specify a '@MapKeyColumn' (use '@MapKey' instead)
13.01.2026 21:33:17.819 [main] WARN  o.h.b.m.i.CollectionBinder - Association 'com.example.perestoronin.springbook.simple_spring_boot_mvc.dao.domain.Refrigerator.refrigeratorCosts' is 'mappedBy' another entity and should not specify a '@MapKeyColumn' (use '@MapKey' instead)
13.01.2026 21:33:18.334 [main] INFO  o.h.e.t.j.p.i.JtaPlatformInitiator - HHH000489: No JTA platform available (set 'hibernate.transaction.jta.platform' to enable JTA platform integration)
13.01.2026 21:33:18.477 [main] INFO  o.s.o.j.LocalContainerEntityManagerFactoryBean - Initialized JPA EntityManagerFactory for persistence unit 'default'
13.01.2026 21:33:18.531 [main] INFO  o.s.d.j.r.q.QueryEnhancerFactories - Hibernate is in classpath; If applicable, HQL parser will be used.
13.01.2026 21:33:18.653 [main] WARN  o.s.b.w.s.s.c.AnnotationConfigServletWebServerApplicationContext - Exception encountered during context initialization - cancelling refresh attempt: org.springframework.beans.factory.UnsatisfiedDependencyException: Error creating bean with name 'publicController': Unsatisfied dependency expressed through field 'publicService': Error creating bean with name 'publicApiServiceImpl': Unsatisfied dependency expressed through field 'clock': No qualifying bean of type 'java.time.Clock' available: expected at least 1 bean which qualifies as autowire candidate. Dependency annotations: {@org.springframework.beans.factory.annotation.Autowired(required=true)}
13.01.2026 21:33:18.654 [main] INFO  o.s.o.j.LocalContainerEntityManagerFactoryBean - Closing JPA EntityManagerFactory for persistence unit 'default'
13.01.2026 21:33:18.655 [main] INFO  c.z.h.HikariDataSource - HikariPool-1 - Shutdown initiated...
13.01.2026 21:33:18.657 [main] INFO  c.z.h.HikariDataSource - HikariPool-1 - Shutdown completed.
13.01.2026 21:33:18.659 [main] INFO  o.a.c.c.StandardService - Stopping service [Tomcat]
13.01.2026 21:33:18.663 [main] INFO  o.s.b.a.l.ConditionEvaluationReportLogger - 

Error starting ApplicationContext. To display the condition evaluation report re-run your application with 'debug' enabled.
13.01.2026 21:33:18.672 [main] ERROR o.s.b.d.LoggingFailureAnalysisReporter - 

***************************
APPLICATION FAILED TO START
***************************

Description:

Field clock in com.example.perestoronin.springbook.simple_spring_boot_mvc.service.PublicApiServiceImpl required a bean of type 'java.time.Clock' that could not be found.

The injection point has the following annotations:
	- @org.springframework.beans.factory.annotation.Autowired(required=true)


Action:

Consider defining a bean of type 'java.time.Clock' in your configuration.

13.01.2026 21:36:40.454 [main] INFO  c.e.p.s.s.SimpleSpringBootMvcApplication - Starting SimpleSpringBootMvcApplication using Java 17.0.14 with PID 15108 (D:\JavaProjects\springBookProject\simple-spring-boot-mvc\target\classes started by Eduard in D:\JavaProjects\springBookProject\simple-spring-boot-mvc)
13.01.2026 21:36:40.456 [main] INFO  c.e.p.s.s.SimpleSpringBootMvcApplication - No active profile set, falling back to 1 default profile: "default"
13.01.2026 21:36:40.549 [background-preinit] INFO  o.h.v.i.util.Version - HV000001: Hibernate Validator 9.0.1.Final
13.01.2026 21:36:40.761 [main] INFO  o.s.d.r.c.RepositoryConfigurationDelegate - Bootstrapping Spring Data JPA repositories in DEFAULT mode.
13.01.2026 21:36:40.796 [main] INFO  o.s.d.r.c.RepositoryConfigurationDelegate - Finished Spring Data repository scanning in 30 ms. Found 4 JPA repository interfaces.
13.01.2026 21:36:41.019 [main] INFO  o.s.b.t.TomcatWebServer - Tomcat initialized with port 8888 (http)
13.01.2026 21:36:41.024 [main] INFO  o.a.c.h.Http11NioProtocol - Initializing ProtocolHandler ["http-nio-8888"]
13.01.2026 21:36:41.025 [main] INFO  o.a.c.c.StandardService - Starting service [Tomcat]
13.01.2026 21:36:41.025 [main] INFO  o.a.c.c.StandardEngine - Starting Servlet engine: [Apache Tomcat/11.0.14]
13.01.2026 21:36:41.054 [main] INFO  o.s.b.w.c.s.WebApplicationContextInitializer - Root WebApplicationContext: initialization completed in 578 ms
13.01.2026 21:36:41.113 [main] INFO  c.z.h.HikariDataSource - HikariPool-1 - Starting...
13.01.2026 21:36:41.307 [main] INFO  c.z.h.p.HikariPool - HikariPool-1 - Added connection org.postgresql.jdbc.PgConnection@437281c5
13.01.2026 21:36:41.308 [main] INFO  c.z.h.HikariDataSource - HikariPool-1 - Start completed.
13.01.2026 21:36:41.322 [main] INFO  o.h.j.i.u.LogHelper - HHH000204: Processing PersistenceUnitInfo [name: default]
13.01.2026 21:36:41.347 [main] INFO  o.hibernate.Version - HHH000412: Hibernate ORM core version 7.1.8.Final
13.01.2026 21:36:41.573 [main] INFO  o.s.o.j.p.SpringPersistenceUnitInfo - No LoadTimeWeaver setup: ignoring JPA class transformer
13.01.2026 21:36:41.628 [main] INFO  o.h.o.c.pooling - HHH10001005: Database info:
	Database JDBC URL [jdbc:postgresql://localhost:5432/myPetMVC]
	Database driver: PostgreSQL JDBC Driver
	Database dialect: PostgreSQLDialect
	Database version: 17.4
	Default catalog/schema: myPetMVC/public
	Autocommit mode: undefined/unknown
	Isolation level: READ_COMMITTED [default READ_COMMITTED]
	JDBC fetch size: none
	Pool: DatasourceConnectionProviderImpl
	Minimum pool size: undefined/unknown
	Maximum pool size: undefined/unknown
13.01.2026 21:36:41.727 [main] WARN  o.h.b.m.i.CollectionBinder - Association 'com.example.perestoronin.springbook.simple_spring_boot_mvc.dao.domain.Pet.achievements' is 'mappedBy' another entity and should not specify a '@MapKeyColumn' (use '@MapKey' instead)
13.01.2026 21:36:41.730 [main] WARN  o.h.b.m.i.CollectionBinder - Association 'com.example.perestoronin.springbook.simple_spring_boot_mvc.dao.domain.Pet.buildingMaterials' is 'mappedBy' another entity and should not specify a '@MapKeyColumn' (use '@MapKey' instead)
13.01.2026 21:36:41.731 [main] WARN  o.h.b.m.i.CollectionBinder - Association 'com.example.perestoronin.springbook.simple_spring_boot_mvc.dao.domain.Pet.drinks' is 'mappedBy' another entity and should not specify a '@MapKeyColumn' (use '@MapKey' instead)
13.01.2026 21:36:41.731 [main] WARN  o.h.b.m.i.CollectionBinder - Association 'com.example.perestoronin.springbook.simple_spring_boot_mvc.dao.domain.Pet.foods' is 'mappedBy' another entity and should not specify a '@MapKeyColumn' (use '@MapKey' instead)
13.01.2026 21:36:41.732 [main] WARN  o.h.b.m.i.CollectionBinder - Association 'com.example.perestoronin.springbook.simple_spring_boot_mvc.dao.domain.Pet.journalEntries' is 'mappedBy' another entity and should not specify a '@MapKeyColumn' (use '@MapKey' instead)
13.01.2026 21:36:41.737 [main] WARN  o.h.b.m.i.CollectionBinder - Association 'com.example.perestoronin.springbook.simple_spring_boot_mvc.dao.domain.Refrigerator.refrigeratorCosts' is 'mappedBy' another entity and should not specify a '@MapKeyColumn' (use '@MapKey' instead)
13.01.2026 21:36:42.271 [main] INFO  o.h.e.t.j.p.i.JtaPlatformInitiator - HHH000489: No JTA platform available (set 'hibernate.transaction.jta.platform' to enable JTA platform integration)
13.01.2026 21:36:42.423 [main] INFO  o.s.o.j.LocalContainerEntityManagerFactoryBean - Initialized JPA EntityManagerFactory for persistence unit 'default'
13.01.2026 21:36:42.467 [main] INFO  o.s.d.j.r.q.QueryEnhancerFactories - Hibernate is in classpath; If applicable, HQL parser will be used.
13.01.2026 21:36:42.557 [main] WARN  o.s.b.w.s.s.c.AnnotationConfigServletWebServerApplicationContext - Exception encountered during context initialization - cancelling refresh attempt: org.springframework.beans.factory.UnsatisfiedDependencyException: Error creating bean with name 'publicController': Unsatisfied dependency expressed through field 'publicService': Error creating bean with name 'publicApiServiceImpl': Unsatisfied dependency expressed through field 'clock': No qualifying bean of type 'java.time.Clock' available: expected at least 1 bean which qualifies as autowire candidate. Dependency annotations: {@org.springframework.beans.factory.annotation.Autowired(required=true)}
13.01.2026 21:36:42.557 [main] INFO  o.s.o.j.LocalContainerEntityManagerFactoryBean - Closing JPA EntityManagerFactory for persistence unit 'default'
13.01.2026 21:36:42.558 [main] INFO  c.z.h.HikariDataSource - HikariPool-1 - Shutdown initiated...
13.01.2026 21:36:42.560 [main] INFO  c.z.h.HikariDataSource - HikariPool-1 - Shutdown completed.
13.01.2026 21:36:42.561 [main] INFO  o.a.c.c.StandardService - Stopping service [Tomcat]
13.01.2026 21:36:42.566 [main] INFO  o.s.b.a.l.ConditionEvaluationReportLogger - 

Error starting ApplicationContext. To display the condition evaluation report re-run your application with 'debug' enabled.
13.01.2026 21:36:42.575 [main] ERROR o.s.b.d.LoggingFailureAnalysisReporter - 

***************************
APPLICATION FAILED TO START
***************************

Description:

Field clock in com.example.perestoronin.springbook.simple_spring_boot_mvc.service.PublicApiServiceImpl required a bean of type 'java.time.Clock' that could not be found.

The injection point has the following annotations:
	- @org.springframework.beans.factory.annotation.Autowired(required=true)


Action:

Consider defining a bean of type 'java.time.Clock' in your configuration.

13.01.2026 21:38:32.307 [main] INFO  c.e.p.s.s.SimpleSpringBootMvcApplication - Starting SimpleSpringBootMvcApplication using Java 17.0.14 with PID 7940 (D:\JavaProjects\springBookProject\simple-spring-boot-mvc\target\classes started by Eduard in D:\JavaProjects\springBookProject\simple-spring-boot-mvc)
13.01.2026 21:38:32.309 [main] INFO  c.e.p.s.s.SimpleSpringBootMvcApplication - No active profile set, falling back to 1 default profile: "default"
13.01.2026 21:38:32.408 [background-preinit] INFO  o.h.v.i.util.Version - HV000001: Hibernate Validator 9.0.1.Final
13.01.2026 21:38:32.626 [main] INFO  o.s.d.r.c.RepositoryConfigurationDelegate - Bootstrapping Spring Data JPA repositories in DEFAULT mode.
13.01.2026 21:38:32.660 [main] INFO  o.s.d.r.c.RepositoryConfigurationDelegate - Finished Spring Data repository scanning in 30 ms. Found 4 JPA repository interfaces.
13.01.2026 21:38:32.882 [main] INFO  o.s.b.t.TomcatWebServer - Tomcat initialized with port 8888 (http)
13.01.2026 21:38:32.888 [main] INFO  o.a.c.h.Http11NioProtocol - Initializing ProtocolHandler ["http-nio-8888"]
13.01.2026 21:38:32.889 [main] INFO  o.a.c.c.StandardService - Starting service [Tomcat]
13.01.2026 21:38:32.889 [main] INFO  o.a.c.c.StandardEngine - Starting Servlet engine: [Apache Tomcat/11.0.14]
13.01.2026 21:38:32.918 [main] INFO  o.s.b.w.c.s.WebApplicationContextInitializer - Root WebApplicationContext: initialization completed in 587 ms
13.01.2026 21:38:32.980 [main] INFO  c.z.h.HikariDataSource - HikariPool-1 - Starting...
13.01.2026 21:38:33.069 [main] INFO  c.z.h.p.HikariPool - HikariPool-1 - Added connection org.postgresql.jdbc.PgConnection@2c47a053
13.01.2026 21:38:33.070 [main] INFO  c.z.h.HikariDataSource - HikariPool-1 - Start completed.
13.01.2026 21:38:33.084 [main] INFO  o.h.j.i.u.LogHelper - HHH000204: Processing PersistenceUnitInfo [name: default]
13.01.2026 21:38:33.110 [main] INFO  o.hibernate.Version - HHH000412: Hibernate ORM core version 7.1.8.Final
13.01.2026 21:38:33.346 [main] INFO  o.s.o.j.p.SpringPersistenceUnitInfo - No LoadTimeWeaver setup: ignoring JPA class transformer
13.01.2026 21:38:33.397 [main] INFO  o.h.o.c.pooling - HHH10001005: Database info:
	Database JDBC URL [jdbc:postgresql://localhost:5432/myPetMVC]
	Database driver: PostgreSQL JDBC Driver
	Database dialect: PostgreSQLDialect
	Database version: 17.4
	Default catalog/schema: myPetMVC/public
	Autocommit mode: undefined/unknown
	Isolation level: READ_COMMITTED [default READ_COMMITTED]
	JDBC fetch size: none
	Pool: DatasourceConnectionProviderImpl
	Minimum pool size: undefined/unknown
	Maximum pool size: undefined/unknown
13.01.2026 21:38:33.493 [main] WARN  o.h.b.m.i.CollectionBinder - Association 'com.example.perestoronin.springbook.simple_spring_boot_mvc.dao.domain.Pet.achievements' is 'mappedBy' another entity and should not specify a '@MapKeyColumn' (use '@MapKey' instead)
13.01.2026 21:38:33.496 [main] WARN  o.h.b.m.i.CollectionBinder - Association 'com.example.perestoronin.springbook.simple_spring_boot_mvc.dao.domain.Pet.buildingMaterials' is 'mappedBy' another entity and should not specify a '@MapKeyColumn' (use '@MapKey' instead)
13.01.2026 21:38:33.497 [main] WARN  o.h.b.m.i.CollectionBinder - Association 'com.example.perestoronin.springbook.simple_spring_boot_mvc.dao.domain.Pet.drinks' is 'mappedBy' another entity and should not specify a '@MapKeyColumn' (use '@MapKey' instead)
13.01.2026 21:38:33.498 [main] WARN  o.h.b.m.i.CollectionBinder - Association 'com.example.perestoronin.springbook.simple_spring_boot_mvc.dao.domain.Pet.foods' is 'mappedBy' another entity and should not specify a '@MapKeyColumn' (use '@MapKey' instead)
13.01.2026 21:38:33.498 [main] WARN  o.h.b.m.i.CollectionBinder - Association 'com.example.perestoronin.springbook.simple_spring_boot_mvc.dao.domain.Pet.journalEntries' is 'mappedBy' another entity and should not specify a '@MapKeyColumn' (use '@MapKey' instead)
13.01.2026 21:38:33.504 [main] WARN  o.h.b.m.i.CollectionBinder - Association 'com.example.perestoronin.springbook.simple_spring_boot_mvc.dao.domain.Refrigerator.refrigeratorCosts' is 'mappedBy' another entity and should not specify a '@MapKeyColumn' (use '@MapKey' instead)
13.01.2026 21:38:34.024 [main] INFO  o.h.e.t.j.p.i.JtaPlatformInitiator - HHH000489: No JTA platform available (set 'hibernate.transaction.jta.platform' to enable JTA platform integration)
13.01.2026 21:38:34.166 [main] INFO  o.s.o.j.LocalContainerEntityManagerFactoryBean - Initialized JPA EntityManagerFactory for persistence unit 'default'
13.01.2026 21:38:34.210 [main] INFO  o.s.d.j.r.q.QueryEnhancerFactories - Hibernate is in classpath; If applicable, HQL parser will be used.
13.01.2026 21:38:34.304 [main] WARN  o.s.b.w.s.s.c.AnnotationConfigServletWebServerApplicationContext - Exception encountered during context initialization - cancelling refresh attempt: org.springframework.beans.factory.UnsatisfiedDependencyException: Error creating bean with name 'publicController': Unsatisfied dependency expressed through field 'publicService': Error creating bean with name 'publicApiServiceImpl': Unsatisfied dependency expressed through field 'passwordEncoder': No qualifying bean of type 'org.springframework.security.crypto.password.PasswordEncoder' available: expected at least 1 bean which qualifies as autowire candidate. Dependency annotations: {@org.springframework.beans.factory.annotation.Autowired(required=true)}
13.01.2026 21:38:34.305 [main] INFO  o.s.o.j.LocalContainerEntityManagerFactoryBean - Closing JPA EntityManagerFactory for persistence unit 'default'
13.01.2026 21:38:34.306 [main] INFO  c.z.h.HikariDataSource - HikariPool-1 - Shutdown initiated...
13.01.2026 21:38:34.308 [main] INFO  c.z.h.HikariDataSource - HikariPool-1 - Shutdown completed.
13.01.2026 21:38:34.309 [main] INFO  o.a.c.c.StandardService - Stopping service [Tomcat]
13.01.2026 21:38:34.314 [main] INFO  o.s.b.a.l.ConditionEvaluationReportLogger - 

Error starting ApplicationContext. To display the condition evaluation report re-run your application with 'debug' enabled.
13.01.2026 21:38:34.323 [main] ERROR o.s.b.d.LoggingFailureAnalysisReporter - 

***************************
APPLICATION FAILED TO START
***************************

Description:

Field passwordEncoder in com.example.perestoronin.springbook.simple_spring_boot_mvc.service.PublicApiServiceImpl required a bean of type 'org.springframework.security.crypto.password.PasswordEncoder' that could not be found.

The injection point has the following annotations:
	- @org.springframework.beans.factory.annotation.Autowired(required=true)


Action:

Consider defining a bean of type 'org.springframework.security.crypto.password.PasswordEncoder' in your configuration.

13.01.2026 21:48:32.747 [main] INFO  c.e.p.s.s.SimpleSpringBootMvcApplication - Starting SimpleSpringBootMvcApplication using Java 17.0.14 with PID 14856 (D:\JavaProjects\springBookProject\simple-spring-boot-mvc\target\classes started by Eduard in D:\JavaProjects\springBookProject\simple-spring-boot-mvc)
13.01.2026 21:48:32.748 [main] INFO  c.e.p.s.s.SimpleSpringBootMvcApplication - No active profile set, falling back to 1 default profile: "default"
13.01.2026 21:48:32.845 [background-preinit] INFO  o.h.v.i.util.Version - HV000001: Hibernate Validator 9.0.1.Final
13.01.2026 21:48:33.083 [main] INFO  o.s.d.r.c.RepositoryConfigurationDelegate - Bootstrapping Spring Data JPA repositories in DEFAULT mode.
13.01.2026 21:48:33.118 [main] INFO  o.s.d.r.c.RepositoryConfigurationDelegate - Finished Spring Data repository scanning in 30 ms. Found 4 JPA repository interfaces.
13.01.2026 21:48:33.357 [main] INFO  o.s.b.t.TomcatWebServer - Tomcat initialized with port 8888 (http)
13.01.2026 21:48:33.363 [main] INFO  o.a.c.h.Http11NioProtocol - Initializing ProtocolHandler ["http-nio-8888"]
13.01.2026 21:48:33.364 [main] INFO  o.a.c.c.StandardService - Starting service [Tomcat]
13.01.2026 21:48:33.364 [main] INFO  o.a.c.c.StandardEngine - Starting Servlet engine: [Apache Tomcat/11.0.14]
13.01.2026 21:48:33.394 [main] INFO  o.s.b.w.c.s.WebApplicationContextInitializer - Root WebApplicationContext: initialization completed in 625 ms
13.01.2026 21:48:33.457 [main] INFO  c.z.h.HikariDataSource - HikariPool-1 - Starting...
13.01.2026 21:48:33.659 [main] INFO  c.z.h.p.HikariPool - HikariPool-1 - Added connection org.postgresql.jdbc.PgConnection@6b5c134e
13.01.2026 21:48:33.660 [main] INFO  c.z.h.HikariDataSource - HikariPool-1 - Start completed.
13.01.2026 21:48:33.675 [main] INFO  o.h.j.i.u.LogHelper - HHH000204: Processing PersistenceUnitInfo [name: default]
13.01.2026 21:48:33.701 [main] INFO  o.hibernate.Version - HHH000412: Hibernate ORM core version 7.1.8.Final
13.01.2026 21:48:33.926 [main] INFO  o.s.o.j.p.SpringPersistenceUnitInfo - No LoadTimeWeaver setup: ignoring JPA class transformer
13.01.2026 21:48:33.978 [main] INFO  o.h.o.c.pooling - HHH10001005: Database info:
	Database JDBC URL [jdbc:postgresql://localhost:5432/myPetMVC]
	Database driver: PostgreSQL JDBC Driver
	Database dialect: PostgreSQLDialect
	Database version: 17.4
	Default catalog/schema: myPetMVC/public
	Autocommit mode: undefined/unknown
	Isolation level: READ_COMMITTED [default READ_COMMITTED]
	JDBC fetch size: none
	Pool: DatasourceConnectionProviderImpl
	Minimum pool size: undefined/unknown
	Maximum pool size: undefined/unknown
13.01.2026 21:48:34.080 [main] WARN  o.h.b.m.i.CollectionBinder - Association 'com.example.perestoronin.springbook.simple_spring_boot_mvc.dao.domain.Pet.achievements' is 'mappedBy' another entity and should not specify a '@MapKeyColumn' (use '@MapKey' instead)
13.01.2026 21:48:34.083 [main] WARN  o.h.b.m.i.CollectionBinder - Association 'com.example.perestoronin.springbook.simple_spring_boot_mvc.dao.domain.Pet.buildingMaterials' is 'mappedBy' another entity and should not specify a '@MapKeyColumn' (use '@MapKey' instead)
13.01.2026 21:48:34.084 [main] WARN  o.h.b.m.i.CollectionBinder - Association 'com.example.perestoronin.springbook.simple_spring_boot_mvc.dao.domain.Pet.drinks' is 'mappedBy' another entity and should not specify a '@MapKeyColumn' (use '@MapKey' instead)
13.01.2026 21:48:34.084 [main] WARN  o.h.b.m.i.CollectionBinder - Association 'com.example.perestoronin.springbook.simple_spring_boot_mvc.dao.domain.Pet.foods' is 'mappedBy' another entity and should not specify a '@MapKeyColumn' (use '@MapKey' instead)
13.01.2026 21:48:34.085 [main] WARN  o.h.b.m.i.CollectionBinder - Association 'com.example.perestoronin.springbook.simple_spring_boot_mvc.dao.domain.Pet.journalEntries' is 'mappedBy' another entity and should not specify a '@MapKeyColumn' (use '@MapKey' instead)
13.01.2026 21:48:34.091 [main] WARN  o.h.b.m.i.CollectionBinder - Association 'com.example.perestoronin.springbook.simple_spring_boot_mvc.dao.domain.Refrigerator.refrigeratorCosts' is 'mappedBy' another entity and should not specify a '@MapKeyColumn' (use '@MapKey' instead)
13.01.2026 21:48:34.615 [main] INFO  o.h.e.t.j.p.i.JtaPlatformInitiator - HHH000489: No JTA platform available (set 'hibernate.transaction.jta.platform' to enable JTA platform integration)
13.01.2026 21:48:34.760 [main] INFO  o.s.o.j.LocalContainerEntityManagerFactoryBean - Initialized JPA EntityManagerFactory for persistence unit 'default'
13.01.2026 21:48:34.801 [main] INFO  o.s.d.j.r.q.QueryEnhancerFactories - Hibernate is in classpath; If applicable, HQL parser will be used.
13.01.2026 21:48:34.889 [main] WARN  o.s.b.w.s.s.c.AnnotationConfigServletWebServerApplicationContext - Exception encountered during context initialization - cancelling refresh attempt: org.springframework.beans.factory.UnsatisfiedDependencyException: Error creating bean with name 'publicController': Unsatisfied dependency expressed through field 'publicService': Error creating bean with name 'publicApiServiceImpl': Unsatisfied dependency expressed through field 'passwordEncoder': No qualifying bean of type 'org.springframework.security.crypto.password.PasswordEncoder' available: expected at least 1 bean which qualifies as autowire candidate. Dependency annotations: {@org.springframework.beans.factory.annotation.Autowired(required=true)}
13.01.2026 21:48:34.890 [main] INFO  o.s.o.j.LocalContainerEntityManagerFactoryBean - Closing JPA EntityManagerFactory for persistence unit 'default'
13.01.2026 21:48:34.891 [main] INFO  c.z.h.HikariDataSource - HikariPool-1 - Shutdown initiated...
13.01.2026 21:48:34.893 [main] INFO  c.z.h.HikariDataSource - HikariPool-1 - Shutdown completed.
13.01.2026 21:48:34.894 [main] INFO  o.a.c.c.StandardService - Stopping service [Tomcat]
13.01.2026 21:48:34.898 [main] INFO  o.s.b.a.l.ConditionEvaluationReportLogger - 

Error starting ApplicationContext. To display the condition evaluation report re-run your application with 'debug' enabled.
13.01.2026 21:48:34.907 [main] ERROR o.s.b.d.LoggingFailureAnalysisReporter - 

***************************
APPLICATION FAILED TO START
***************************

Description:

Field passwordEncoder in com.example.perestoronin.springbook.simple_spring_boot_mvc.service.PublicApiServiceImpl required a bean of type 'org.springframework.security.crypto.password.PasswordEncoder' that could not be found.

The injection point has the following annotations:
	- @org.springframework.beans.factory.annotation.Autowired(required=true)


Action:

Consider defining a bean of type 'org.springframework.security.crypto.password.PasswordEncoder' in your configuration.

13.01.2026 21:49:26.151 [main] INFO  c.e.p.s.s.SimpleSpringBootMvcApplication - Starting SimpleSpringBootMvcApplication using Java 17.0.14 with PID 14808 (D:\JavaProjects\springBookProject\simple-spring-boot-mvc\target\classes started by Eduard in D:\JavaProjects\springBookProject\simple-spring-boot-mvc)
13.01.2026 21:49:26.153 [main] INFO  c.e.p.s.s.SimpleSpringBootMvcApplication - No active profile set, falling back to 1 default profile: "default"
13.01.2026 21:49:26.251 [background-preinit] INFO  o.h.v.i.util.Version - HV000001: Hibernate Validator 9.0.1.Final
13.01.2026 21:49:26.478 [main] INFO  o.s.d.r.c.RepositoryConfigurationDelegate - Bootstrapping Spring Data JPA repositories in DEFAULT mode.
13.01.2026 21:49:26.515 [main] INFO  o.s.d.r.c.RepositoryConfigurationDelegate - Finished Spring Data repository scanning in 32 ms. Found 4 JPA repository interfaces.
13.01.2026 21:49:26.755 [main] INFO  o.s.b.t.TomcatWebServer - Tomcat initialized with port 8888 (http)
13.01.2026 21:49:26.761 [main] INFO  o.a.c.h.Http11NioProtocol - Initializing ProtocolHandler ["http-nio-8888"]
13.01.2026 21:49:26.762 [main] INFO  o.a.c.c.StandardService - Starting service [Tomcat]
13.01.2026 21:49:26.762 [main] INFO  o.a.c.c.StandardEngine - Starting Servlet engine: [Apache Tomcat/11.0.14]
13.01.2026 21:49:26.791 [main] INFO  o.s.b.w.c.s.WebApplicationContextInitializer - Root WebApplicationContext: initialization completed in 618 ms
13.01.2026 21:49:26.854 [main] INFO  c.z.h.HikariDataSource - HikariPool-1 - Starting...
13.01.2026 21:49:26.944 [main] INFO  c.z.h.p.HikariPool - HikariPool-1 - Added connection org.postgresql.jdbc.PgConnection@3d0d120b
13.01.2026 21:49:26.945 [main] INFO  c.z.h.HikariDataSource - HikariPool-1 - Start completed.
13.01.2026 21:49:26.959 [main] INFO  o.h.j.i.u.LogHelper - HHH000204: Processing PersistenceUnitInfo [name: default]
13.01.2026 21:49:26.987 [main] INFO  o.hibernate.Version - HHH000412: Hibernate ORM core version 7.1.8.Final
13.01.2026 21:49:27.221 [main] INFO  o.s.o.j.p.SpringPersistenceUnitInfo - No LoadTimeWeaver setup: ignoring JPA class transformer
13.01.2026 21:49:27.274 [main] INFO  o.h.o.c.pooling - HHH10001005: Database info:
	Database JDBC URL [jdbc:postgresql://localhost:5432/myPetMVC]
	Database driver: PostgreSQL JDBC Driver
	Database dialect: PostgreSQLDialect
	Database version: 17.4
	Default catalog/schema: myPetMVC/public
	Autocommit mode: undefined/unknown
	Isolation level: READ_COMMITTED [default READ_COMMITTED]
	JDBC fetch size: none
	Pool: DatasourceConnectionProviderImpl
	Minimum pool size: undefined/unknown
	Maximum pool size: undefined/unknown
13.01.2026 21:49:27.375 [main] WARN  o.h.b.m.i.CollectionBinder - Association 'com.example.perestoronin.springbook.simple_spring_boot_mvc.dao.domain.Pet.achievements' is 'mappedBy' another entity and should not specify a '@MapKeyColumn' (use '@MapKey' instead)
13.01.2026 21:49:27.378 [main] WARN  o.h.b.m.i.CollectionBinder - Association 'com.example.perestoronin.springbook.simple_spring_boot_mvc.dao.domain.Pet.buildingMaterials' is 'mappedBy' another entity and should not specify a '@MapKeyColumn' (use '@MapKey' instead)
13.01.2026 21:49:27.378 [main] WARN  o.h.b.m.i.CollectionBinder - Association 'com.example.perestoronin.springbook.simple_spring_boot_mvc.dao.domain.Pet.drinks' is 'mappedBy' another entity and should not specify a '@MapKeyColumn' (use '@MapKey' instead)
13.01.2026 21:49:27.379 [main] WARN  o.h.b.m.i.CollectionBinder - Association 'com.example.perestoronin.springbook.simple_spring_boot_mvc.dao.domain.Pet.foods' is 'mappedBy' another entity and should not specify a '@MapKeyColumn' (use '@MapKey' instead)
13.01.2026 21:49:27.380 [main] WARN  o.h.b.m.i.CollectionBinder - Association 'com.example.perestoronin.springbook.simple_spring_boot_mvc.dao.domain.Pet.journalEntries' is 'mappedBy' another entity and should not specify a '@MapKeyColumn' (use '@MapKey' instead)
13.01.2026 21:49:27.385 [main] WARN  o.h.b.m.i.CollectionBinder - Association 'com.example.perestoronin.springbook.simple_spring_boot_mvc.dao.domain.Refrigerator.refrigeratorCosts' is 'mappedBy' another entity and should not specify a '@MapKeyColumn' (use '@MapKey' instead)
13.01.2026 21:49:27.923 [main] INFO  o.h.e.t.j.p.i.JtaPlatformInitiator - HHH000489: No JTA platform available (set 'hibernate.transaction.jta.platform' to enable JTA platform integration)
13.01.2026 21:49:28.069 [main] INFO  o.s.o.j.LocalContainerEntityManagerFactoryBean - Initialized JPA EntityManagerFactory for persistence unit 'default'
13.01.2026 21:49:28.112 [main] INFO  o.s.d.j.r.q.QueryEnhancerFactories - Hibernate is in classpath; If applicable, HQL parser will be used.
13.01.2026 21:49:28.240 [main] WARN  o.s.b.j.a.JpaBaseConfiguration$JpaWebConfiguration - spring.jpa.open-in-view is enabled by default. Therefore, database queries may be performed during view rendering. Explicitly configure spring.jpa.open-in-view to disable this warning
13.01.2026 21:49:28.424 [main] WARN  o.s.b.s.a.UserDetailsServiceAutoConfiguration - 

Using generated security password: f24694f7-e8e1-4ec2-8112-2fb3671cd252

This generated password is for development use only. Your security configuration must be updated before running your application in production.

13.01.2026 21:49:28.444 [main] INFO  o.s.s.c.a.a.c.InitializeUserDetailsBeanManagerConfigurer$InitializeUserDetailsManagerConfigurer - Global AuthenticationManager configured with UserDetailsService bean with name inMemoryUserDetailsManager
13.01.2026 21:49:28.484 [main] WARN  o.s.b.w.s.s.c.AnnotationConfigServletWebServerApplicationContext - Exception encountered during context initialization - cancelling refresh attempt: org.springframework.beans.factory.UnsatisfiedDependencyException: Error creating bean with name 'org.springframework.security.config.annotation.web.configuration.WebSecurityConfiguration': Unsatisfied dependency expressed through method 'setFilterChains' parameter 0: Error creating bean with name 'defaultSecurityFilterChain' defined in class path resource [org/springframework/boot/security/autoconfigure/web/servlet/ServletWebSecurityAutoConfiguration$SecurityFilterChainConfiguration.class]: Failed to instantiate [org.springframework.security.web.SecurityFilterChain]: Factory method 'defaultSecurityFilterChain' threw exception with message: org/springframework/security/authorization/AuthorizationManagerFactory
13.01.2026 21:49:28.486 [main] INFO  o.s.o.j.LocalContainerEntityManagerFactoryBean - Closing JPA EntityManagerFactory for persistence unit 'default'
13.01.2026 21:49:28.487 [main] INFO  c.z.h.HikariDataSource - HikariPool-1 - Shutdown initiated...
13.01.2026 21:49:28.489 [main] INFO  c.z.h.HikariDataSource - HikariPool-1 - Shutdown completed.
13.01.2026 21:49:28.491 [main] INFO  o.a.c.c.StandardService - Stopping service [Tomcat]
13.01.2026 21:49:28.495 [main] INFO  o.s.b.a.l.ConditionEvaluationReportLogger - 

Error starting ApplicationContext. To display the condition evaluation report re-run your application with 'debug' enabled.
13.01.2026 21:49:28.502 [main] ERROR o.s.b.SpringApplication - Application run failed
org.springframework.beans.factory.UnsatisfiedDependencyException: Error creating bean with name 'org.springframework.security.config.annotation.web.configuration.WebSecurityConfiguration': Unsatisfied dependency expressed through method 'setFilterChains' parameter 0: Error creating bean with name 'defaultSecurityFilterChain' defined in class path resource [org/springframework/boot/security/autoconfigure/web/servlet/ServletWebSecurityAutoConfiguration$SecurityFilterChainConfiguration.class]: Failed to instantiate [org.springframework.security.web.SecurityFilterChain]: Factory method 'defaultSecurityFilterChain' threw exception with message: org/springframework/security/authorization/AuthorizationManagerFactory
	at org.springframework.beans.factory.annotation.AutowiredAnnotationBeanPostProcessor$AutowiredMethodElement.resolveMethodArguments(AutowiredAnnotationBeanPostProcessor.java:871)
	at org.springframework.beans.factory.annotation.AutowiredAnnotationBeanPostProcessor$AutowiredMethodElement.inject(AutowiredAnnotationBeanPostProcessor.java:826)
	at org.springframework.beans.factory.annotation.InjectionMetadata.inject(InjectionMetadata.java:146)
	at org.springframework.beans.factory.annotation.AutowiredAnnotationBeanPostProcessor.postProcessProperties(AutowiredAnnotationBeanPostProcessor.java:492)
	at org.springframework.beans.factory.support.AbstractAutowireCapableBeanFactory.populateBean(AbstractAutowireCapableBeanFactory.java:1446)
	at org.springframework.beans.factory.support.AbstractAutowireCapableBeanFactory.doCreateBean(AbstractAutowireCapableBeanFactory.java:602)
	at org.springframework.beans.factory.support.AbstractAutowireCapableBeanFactory.createBean(AbstractAutowireCapableBeanFactory.java:525)
	at org.springframework.beans.factory.support.AbstractBeanFactory.lambda$doGetBean$0(AbstractBeanFactory.java:333)
	at org.springframework.beans.factory.support.DefaultSingletonBeanRegistry.getSingleton(DefaultSingletonBeanRegistry.java:371)
	at org.springframework.beans.factory.support.AbstractBeanFactory.doGetBean(AbstractBeanFactory.java:331)
	at org.springframework.beans.factory.support.AbstractBeanFactory.getBean(AbstractBeanFactory.java:196)
	at org.springframework.beans.factory.support.DefaultListableBeanFactory.instantiateSingleton(DefaultListableBeanFactory.java:1218)
	at org.springframework.beans.factory.support.DefaultListableBeanFactory.preInstantiateSingleton(DefaultListableBeanFactory.java:1184)
	at org.springframework.beans.factory.support.DefaultListableBeanFactory.preInstantiateSingletons(DefaultListableBeanFactory.java:1121)
	at org.springframework.context.support.AbstractApplicationContext.finishBeanFactoryInitialization(AbstractApplicationContext.java:983)
	at org.springframework.context.support.AbstractApplicationContext.refresh(AbstractApplicationContext.java:620)
	at org.springframework.boot.web.server.servlet.context.ServletWebServerApplicationContext.refresh(ServletWebServerApplicationContext.java:143)
	at org.springframework.boot.SpringApplication.refresh(SpringApplication.java:765)
	at org.springframework.boot.SpringApplication.refreshContext(SpringApplication.java:454)
	at org.springframework.boot.SpringApplication.run(SpringApplication.java:321)
	at org.springframework.boot.SpringApplication.run(SpringApplication.java:1374)
	at org.springframework.boot.SpringApplication.run(SpringApplication.java:1363)
	at com.example.perestoronin.springbook.simple_spring_boot_mvc.SimpleSpringBootMvcApplication.main(SimpleSpringBootMvcApplication.java:9)
Caused by: org.springframework.beans.factory.BeanCreationException: Error creating bean with name 'defaultSecurityFilterChain' defined in class path resource [org/springframework/boot/security/autoconfigure/web/servlet/ServletWebSecurityAutoConfiguration$SecurityFilterChainConfiguration.class]: Failed to instantiate [org.springframework.security.web.SecurityFilterChain]: Factory method 'defaultSecurityFilterChain' threw exception with message: org/springframework/security/authorization/AuthorizationManagerFactory
	at org.springframework.beans.factory.support.ConstructorResolver.instantiate(ConstructorResolver.java:657)
	at org.springframework.beans.factory.support.ConstructorResolver.instantiateUsingFactoryMethod(ConstructorResolver.java:645)
	at org.springframework.beans.factory.support.AbstractAutowireCapableBeanFactory.instantiateUsingFactoryMethod(AbstractAutowireCapableBeanFactory.java:1362)
	at org.springframework.beans.factory.support.AbstractAutowireCapableBeanFactory.createBeanInstance(AbstractAutowireCapableBeanFactory.java:1194)
	at org.springframework.beans.factory.support.AbstractAutowireCapableBeanFactory.doCreateBean(AbstractAutowireCapableBeanFactory.java:565)
	at org.springframework.beans.factory.support.AbstractAutowireCapableBeanFactory.createBean(AbstractAutowireCapableBeanFactory.java:525)
	at org.springframework.beans.factory.support.AbstractBeanFactory.lambda$doGetBean$0(AbstractBeanFactory.java:333)
	at org.springframework.beans.factory.support.DefaultSingletonBeanRegistry.getSingleton(DefaultSingletonBeanRegistry.java:371)
	at org.springframework.beans.factory.support.AbstractBeanFactory.doGetBean(AbstractBeanFactory.java:331)
	at org.springframework.beans.factory.support.AbstractBeanFactory.getBean(AbstractBeanFactory.java:201)
	at org.springframework.beans.factory.config.DependencyDescriptor.resolveCandidate(DependencyDescriptor.java:229)
	at org.springframework.beans.factory.support.DefaultListableBeanFactory.addCandidateEntry(DefaultListableBeanFactory.java:2008)
	at org.springframework.beans.factory.support.DefaultListableBeanFactory.findAutowireCandidates(DefaultListableBeanFactory.java:1971)
	at org.springframework.beans.factory.support.DefaultListableBeanFactory.resolveMultipleBeanCollection(DefaultListableBeanFactory.java:1863)
	at org.springframework.beans.factory.support.DefaultListableBeanFactory.resolveMultipleBeans(DefaultListableBeanFactory.java:1833)
	at org.springframework.beans.factory.support.DefaultListableBeanFactory.doResolveDependency(DefaultListableBeanFactory.java:1711)
	at org.springframework.beans.factory.support.DefaultListableBeanFactory.resolveDependency(DefaultListableBeanFactory.java:1651)
	at org.springframework.beans.factory.annotation.AutowiredAnnotationBeanPostProcessor$AutowiredMethodElement.resolveMethodArguments(AutowiredAnnotationBeanPostProcessor.java:863)
	... 22 common frames omitted
Caused by: org.springframework.beans.BeanInstantiationException: Failed to instantiate [org.springframework.security.web.SecurityFilterChain]: Factory method 'defaultSecurityFilterChain' threw exception with message: org/springframework/security/authorization/AuthorizationManagerFactory
	at org.springframework.beans.factory.support.SimpleInstantiationStrategy.lambda$instantiate$0(SimpleInstantiationStrategy.java:183)
	at org.springframework.beans.factory.support.SimpleInstantiationStrategy.instantiateWithFactoryMethod(SimpleInstantiationStrategy.java:72)
	at org.springframework.beans.factory.support.SimpleInstantiationStrategy.instantiate(SimpleInstantiationStrategy.java:152)
	at org.springframework.beans.factory.support.ConstructorResolver.instantiate(ConstructorResolver.java:653)
	... 39 common frames omitted
Caused by: java.lang.NoClassDefFoundError: org/springframework/security/authorization/AuthorizationManagerFactory
	at org.springframework.security.config.annotation.web.builders.HttpSecurity.authorizeHttpRequests(HttpSecurity.java:714)
	at org.springframework.boot.security.autoconfigure.web.servlet.ServletWebSecurityAutoConfiguration$SecurityFilterChainConfiguration.defaultSecurityFilterChain(ServletWebSecurityAutoConfiguration.java:83)
	at java.base/jdk.internal.reflect.NativeMethodAccessorImpl.invoke0(Native Method)
	at java.base/jdk.internal.reflect.NativeMethodAccessorImpl.invoke(NativeMethodAccessorImpl.java:77)
	at java.base/jdk.internal.reflect.DelegatingMethodAccessorImpl.invoke(DelegatingMethodAccessorImpl.java:43)
	at java.base/java.lang.reflect.Method.invoke(Method.java:569)
	at org.springframework.beans.factory.support.SimpleInstantiationStrategy.lambda$instantiate$0(SimpleInstantiationStrategy.java:155)
	... 42 common frames omitted
Caused by: java.lang.ClassNotFoundException: org.springframework.security.authorization.AuthorizationManagerFactory
	at java.base/jdk.internal.loader.BuiltinClassLoader.loadClass(BuiltinClassLoader.java:641)
	at java.base/jdk.internal.loader.ClassLoaders$AppClassLoader.loadClass(ClassLoaders.java:188)
	at java.base/java.lang.ClassLoader.loadClass(ClassLoader.java:525)
	... 49 common frames omitted
13.01.2026 21:51:13.030 [main] INFO  c.e.p.s.s.SimpleSpringBootMvcApplication - Starting SimpleSpringBootMvcApplication using Java 17.0.14 with PID 9324 (D:\JavaProjects\springBookProject\simple-spring-boot-mvc\target\classes started by Eduard in D:\JavaProjects\springBookProject\simple-spring-boot-mvc)
13.01.2026 21:51:13.032 [main] INFO  c.e.p.s.s.SimpleSpringBootMvcApplication - No active profile set, falling back to 1 default profile: "default"
13.01.2026 21:51:13.128 [background-preinit] INFO  o.h.v.i.util.Version - HV000001: Hibernate Validator 9.0.1.Final
13.01.2026 21:51:13.286 [main] WARN  o.s.b.w.s.s.c.AnnotationConfigServletWebServerApplicationContext - Exception encountered during context initialization - cancelling refresh attempt: java.lang.IllegalStateException: Error processing condition on org.springframework.boot.autoconfigure.context.PropertyPlaceholderAutoConfiguration.propertySourcesPlaceholderConfigurer
13.01.2026 21:51:13.288 [main] INFO  o.s.b.a.l.ConditionEvaluationReportLogger - 

Error starting ApplicationContext. To display the condition evaluation report re-run your application with 'debug' enabled.
13.01.2026 21:51:13.296 [main] ERROR o.s.b.SpringApplication - Application run failed
java.lang.IllegalStateException: Error processing condition on org.springframework.boot.autoconfigure.context.PropertyPlaceholderAutoConfiguration.propertySourcesPlaceholderConfigurer
	at org.springframework.boot.autoconfigure.condition.SpringBootCondition.matches(SpringBootCondition.java:60)
	at org.springframework.context.annotation.ConditionEvaluator.shouldSkip(ConditionEvaluator.java:100)
	at org.springframework.context.annotation.ConfigurationClassBeanDefinitionReader.loadBeanDefinitionsForBeanMethod(ConfigurationClassBeanDefinitionReader.java:196)
	at org.springframework.context.annotation.ConfigurationClassBeanDefinitionReader.loadBeanDefinitionsForConfigurationClass(ConfigurationClassBeanDefinitionReader.java:148)
	at org.springframework.context.annotation.ConfigurationClassBeanDefinitionReader.loadBeanDefinitions(ConfigurationClassBeanDefinitionReader.java:124)
	at org.springframework.context.annotation.ConfigurationClassPostProcessor.processConfigBeanDefinitions(ConfigurationClassPostProcessor.java:454)
	at org.springframework.context.annotation.ConfigurationClassPostProcessor.postProcessBeanDefinitionRegistry(ConfigurationClassPostProcessor.java:306)
	at org.springframework.context.support.PostProcessorRegistrationDelegate.invokeBeanDefinitionRegistryPostProcessors(PostProcessorRegistrationDelegate.java:349)
	at org.springframework.context.support.PostProcessorRegistrationDelegate.invokeBeanFactoryPostProcessors(PostProcessorRegistrationDelegate.java:118)
	at org.springframework.context.support.AbstractApplicationContext.invokeBeanFactoryPostProcessors(AbstractApplicationContext.java:784)
	at org.springframework.context.support.AbstractApplicationContext.refresh(AbstractApplicationContext.java:602)
	at org.springframework.boot.web.server.servlet.context.ServletWebServerApplicationContext.refresh(ServletWebServerApplicationContext.java:143)
	at org.springframework.boot.SpringApplication.refresh(SpringApplication.java:765)
	at org.springframework.boot.SpringApplication.refreshContext(SpringApplication.java:454)
	at org.springframework.boot.SpringApplication.run(SpringApplication.java:321)
	at org.springframework.boot.SpringApplication.run(SpringApplication.java:1374)
	at org.springframework.boot.SpringApplication.run(SpringApplication.java:1363)
	at com.example.perestoronin.springbook.simple_spring_boot_mvc.SimpleSpringBootMvcApplication.main(SimpleSpringBootMvcApplication.java:9)
Caused by: java.lang.IllegalStateException: Failed to introspect Class [org.springframework.security.config.annotation.method.configuration.PrePostMethodSecurityConfiguration] from ClassLoader [jdk.internal.loader.ClassLoaders$AppClassLoader@1d44bcfa]
	at org.springframework.util.ReflectionUtils.getDeclaredMethods(ReflectionUtils.java:483)
	at org.springframework.util.ReflectionUtils.doWithMethods(ReflectionUtils.java:360)
	at org.springframework.util.ReflectionUtils.getUniqueDeclaredMethods(ReflectionUtils.java:417)
	at org.springframework.beans.factory.support.AbstractAutowireCapableBeanFactory.lambda$getTypeForFactoryMethod$0(AbstractAutowireCapableBeanFactory.java:750)
	at java.base/java.util.concurrent.ConcurrentHashMap.computeIfAbsent(ConcurrentHashMap.java:1708)
	at org.springframework.beans.factory.support.AbstractAutowireCapableBeanFactory.getTypeForFactoryMethod(AbstractAutowireCapableBeanFactory.java:749)
	at org.springframework.beans.factory.support.AbstractAutowireCapableBeanFactory.determineTargetType(AbstractAutowireCapableBeanFactory.java:683)
	at org.springframework.beans.factory.support.AbstractAutowireCapableBeanFactory.predictBeanType(AbstractAutowireCapableBeanFactory.java:655)
	at org.springframework.beans.factory.support.AbstractBeanFactory.isFactoryBean(AbstractBeanFactory.java:1699)
	at org.springframework.beans.factory.support.DefaultListableBeanFactory.doGetBeanNamesForType(DefaultListableBeanFactory.java:632)
	at org.springframework.beans.factory.support.DefaultListableBeanFactory.getBeanNamesForType(DefaultListableBeanFactory.java:604)
	at org.springframework.beans.factory.support.DefaultListableBeanFactory.getBeanNamesForType(DefaultListableBeanFactory.java:589)
	at org.springframework.boot.autoconfigure.condition.OnBeanCondition.collectBeanDefinitionsForType(OnBeanCondition.java:331)
	at org.springframework.boot.autoconfigure.condition.OnBeanCondition.getBeanDefinitionsForType(OnBeanCondition.java:323)
	at org.springframework.boot.autoconfigure.condition.OnBeanCondition.getMatchingBeans(OnBeanCondition.java:221)
	at org.springframework.boot.autoconfigure.condition.OnBeanCondition.evaluateConditionalOnMissingBean(OnBeanCondition.java:204)
	at org.springframework.boot.autoconfigure.condition.OnBeanCondition.getMatchOutcome(OnBeanCondition.java:149)
	at org.springframework.boot.autoconfigure.condition.SpringBootCondition.matches(SpringBootCondition.java:47)
	... 17 common frames omitted
Caused by: java.lang.NoClassDefFoundError: org/springframework/security/authorization/AuthorizationManagerFactory
	at java.base/java.lang.Class.getDeclaredMethods0(Native Method)
	at java.base/java.lang.Class.privateGetDeclaredMethods(Class.java:3402)
	at java.base/java.lang.Class.getDeclaredMethods(Class.java:2504)
	at org.springframework.util.ReflectionUtils.getDeclaredMethods(ReflectionUtils.java:465)
	... 34 common frames omitted
Caused by: java.lang.ClassNotFoundException: org.springframework.security.authorization.AuthorizationManagerFactory
	at java.base/jdk.internal.loader.BuiltinClassLoader.loadClass(BuiltinClassLoader.java:641)
	at java.base/jdk.internal.loader.ClassLoaders$AppClassLoader.loadClass(ClassLoaders.java:188)
	at java.base/java.lang.ClassLoader.loadClass(ClassLoader.java:525)
	... 38 common frames omitted
13.01.2026 21:55:12.020 [main] INFO  c.e.p.s.s.SimpleSpringBootMvcApplication - Starting SimpleSpringBootMvcApplication using Java 17.0.14 with PID 14752 (D:\JavaProjects\springBookProject\simple-spring-boot-mvc\target\classes started by Eduard in D:\JavaProjects\springBookProject\simple-spring-boot-mvc)
13.01.2026 21:55:12.021 [main] INFO  c.e.p.s.s.SimpleSpringBootMvcApplication - No active profile set, falling back to 1 default profile: "default"
13.01.2026 21:55:12.120 [background-preinit] INFO  o.h.v.i.util.Version - HV000001: Hibernate Validator 9.0.1.Final
13.01.2026 21:55:12.279 [main] WARN  o.s.b.w.s.s.c.AnnotationConfigServletWebServerApplicationContext - Exception encountered during context initialization - cancelling refresh attempt: java.lang.IllegalStateException: Error processing condition on org.springframework.boot.autoconfigure.context.PropertyPlaceholderAutoConfiguration.propertySourcesPlaceholderConfigurer
13.01.2026 21:55:12.282 [main] INFO  o.s.b.a.l.ConditionEvaluationReportLogger - 

Error starting ApplicationContext. To display the condition evaluation report re-run your application with 'debug' enabled.
13.01.2026 21:55:12.293 [main] ERROR o.s.b.SpringApplication - Application run failed
java.lang.IllegalStateException: Error processing condition on org.springframework.boot.autoconfigure.context.PropertyPlaceholderAutoConfiguration.propertySourcesPlaceholderConfigurer
	at org.springframework.boot.autoconfigure.condition.SpringBootCondition.matches(SpringBootCondition.java:60)
	at org.springframework.context.annotation.ConditionEvaluator.shouldSkip(ConditionEvaluator.java:100)
	at org.springframework.context.annotation.ConfigurationClassBeanDefinitionReader.loadBeanDefinitionsForBeanMethod(ConfigurationClassBeanDefinitionReader.java:196)
	at org.springframework.context.annotation.ConfigurationClassBeanDefinitionReader.loadBeanDefinitionsForConfigurationClass(ConfigurationClassBeanDefinitionReader.java:148)
	at org.springframework.context.annotation.ConfigurationClassBeanDefinitionReader.loadBeanDefinitions(ConfigurationClassBeanDefinitionReader.java:124)
	at org.springframework.context.annotation.ConfigurationClassPostProcessor.processConfigBeanDefinitions(ConfigurationClassPostProcessor.java:454)
	at org.springframework.context.annotation.ConfigurationClassPostProcessor.postProcessBeanDefinitionRegistry(ConfigurationClassPostProcessor.java:306)
	at org.springframework.context.support.PostProcessorRegistrationDelegate.invokeBeanDefinitionRegistryPostProcessors(PostProcessorRegistrationDelegate.java:349)
	at org.springframework.context.support.PostProcessorRegistrationDelegate.invokeBeanFactoryPostProcessors(PostProcessorRegistrationDelegate.java:118)
	at org.springframework.context.support.AbstractApplicationContext.invokeBeanFactoryPostProcessors(AbstractApplicationContext.java:784)
	at org.springframework.context.support.AbstractApplicationContext.refresh(AbstractApplicationContext.java:602)
	at org.springframework.boot.web.server.servlet.context.ServletWebServerApplicationContext.refresh(ServletWebServerApplicationContext.java:143)
	at org.springframework.boot.SpringApplication.refresh(SpringApplication.java:765)
	at org.springframework.boot.SpringApplication.refreshContext(SpringApplication.java:454)
	at org.springframework.boot.SpringApplication.run(SpringApplication.java:321)
	at org.springframework.boot.SpringApplication.run(SpringApplication.java:1374)
	at org.springframework.boot.SpringApplication.run(SpringApplication.java:1363)
	at com.example.perestoronin.springbook.simple_spring_boot_mvc.SimpleSpringBootMvcApplication.main(SimpleSpringBootMvcApplication.java:9)
Caused by: java.lang.IllegalStateException: Failed to introspect Class [org.springframework.security.config.annotation.method.configuration.PrePostMethodSecurityConfiguration] from ClassLoader [jdk.internal.loader.ClassLoaders$AppClassLoader@1d44bcfa]
	at org.springframework.util.ReflectionUtils.getDeclaredMethods(ReflectionUtils.java:483)
	at org.springframework.util.ReflectionUtils.doWithMethods(ReflectionUtils.java:360)
	at org.springframework.util.ReflectionUtils.getUniqueDeclaredMethods(ReflectionUtils.java:417)
	at org.springframework.beans.factory.support.AbstractAutowireCapableBeanFactory.lambda$getTypeForFactoryMethod$0(AbstractAutowireCapableBeanFactory.java:750)
	at java.base/java.util.concurrent.ConcurrentHashMap.computeIfAbsent(ConcurrentHashMap.java:1708)
	at org.springframework.beans.factory.support.AbstractAutowireCapableBeanFactory.getTypeForFactoryMethod(AbstractAutowireCapableBeanFactory.java:749)
	at org.springframework.beans.factory.support.AbstractAutowireCapableBeanFactory.determineTargetType(AbstractAutowireCapableBeanFactory.java:683)
	at org.springframework.beans.factory.support.AbstractAutowireCapableBeanFactory.predictBeanType(AbstractAutowireCapableBeanFactory.java:655)
	at org.springframework.beans.factory.support.AbstractBeanFactory.isFactoryBean(AbstractBeanFactory.java:1699)
	at org.springframework.beans.factory.support.DefaultListableBeanFactory.doGetBeanNamesForType(DefaultListableBeanFactory.java:632)
	at org.springframework.beans.factory.support.DefaultListableBeanFactory.getBeanNamesForType(DefaultListableBeanFactory.java:604)
	at org.springframework.beans.factory.support.DefaultListableBeanFactory.getBeanNamesForType(DefaultListableBeanFactory.java:589)
	at org.springframework.boot.autoconfigure.condition.OnBeanCondition.collectBeanDefinitionsForType(OnBeanCondition.java:331)
	at org.springframework.boot.autoconfigure.condition.OnBeanCondition.getBeanDefinitionsForType(OnBeanCondition.java:323)
	at org.springframework.boot.autoconfigure.condition.OnBeanCondition.getMatchingBeans(OnBeanCondition.java:221)
	at org.springframework.boot.autoconfigure.condition.OnBeanCondition.evaluateConditionalOnMissingBean(OnBeanCondition.java:204)
	at org.springframework.boot.autoconfigure.condition.OnBeanCondition.getMatchOutcome(OnBeanCondition.java:149)
	at org.springframework.boot.autoconfigure.condition.SpringBootCondition.matches(SpringBootCondition.java:47)
	... 17 common frames omitted
Caused by: java.lang.NoClassDefFoundError: org/springframework/security/authorization/AuthorizationManagerFactory
	at java.base/java.lang.Class.getDeclaredMethods0(Native Method)
	at java.base/java.lang.Class.privateGetDeclaredMethods(Class.java:3402)
	at java.base/java.lang.Class.getDeclaredMethods(Class.java:2504)
	at org.springframework.util.ReflectionUtils.getDeclaredMethods(ReflectionUtils.java:465)
	... 34 common frames omitted
Caused by: java.lang.ClassNotFoundException: org.springframework.security.authorization.AuthorizationManagerFactory
	at java.base/jdk.internal.loader.BuiltinClassLoader.loadClass(BuiltinClassLoader.java:641)
	at java.base/jdk.internal.loader.ClassLoaders$AppClassLoader.loadClass(ClassLoaders.java:188)
	at java.base/java.lang.ClassLoader.loadClass(ClassLoader.java:525)
	... 38 common frames omitted
13.01.2026 22:03:38.997 [main] INFO  c.e.p.s.s.SimpleSpringBootMvcApplication - Starting SimpleSpringBootMvcApplication using Java 17.0.14 with PID 16780 (D:\JavaProjects\springBookProject\simple-spring-boot-mvc\target\classes started by Eduard in D:\JavaProjects\springBookProject\simple-spring-boot-mvc)
13.01.2026 22:03:38.998 [main] INFO  c.e.p.s.s.SimpleSpringBootMvcApplication - No active profile set, falling back to 1 default profile: "default"
13.01.2026 22:03:39.096 [background-preinit] INFO  o.h.v.i.util.Version - HV000001: Hibernate Validator 9.0.1.Final
13.01.2026 22:03:39.236 [main] WARN  o.s.b.w.s.s.c.AnnotationConfigServletWebServerApplicationContext - Exception encountered during context initialization - cancelling refresh attempt: java.lang.IllegalStateException: Error processing condition on org.springframework.boot.autoconfigure.context.PropertyPlaceholderAutoConfiguration.propertySourcesPlaceholderConfigurer
13.01.2026 22:03:39.239 [main] INFO  o.s.b.a.l.ConditionEvaluationReportLogger - 

Error starting ApplicationContext. To display the condition evaluation report re-run your application with 'debug' enabled.
13.01.2026 22:03:39.247 [main] ERROR o.s.b.SpringApplication - Application run failed
java.lang.IllegalStateException: Error processing condition on org.springframework.boot.autoconfigure.context.PropertyPlaceholderAutoConfiguration.propertySourcesPlaceholderConfigurer
	at org.springframework.boot.autoconfigure.condition.SpringBootCondition.matches(SpringBootCondition.java:60)
	at org.springframework.context.annotation.ConditionEvaluator.shouldSkip(ConditionEvaluator.java:100)
	at org.springframework.context.annotation.ConfigurationClassBeanDefinitionReader.loadBeanDefinitionsForBeanMethod(ConfigurationClassBeanDefinitionReader.java:196)
	at org.springframework.context.annotation.ConfigurationClassBeanDefinitionReader.loadBeanDefinitionsForConfigurationClass(ConfigurationClassBeanDefinitionReader.java:148)
	at org.springframework.context.annotation.ConfigurationClassBeanDefinitionReader.loadBeanDefinitions(ConfigurationClassBeanDefinitionReader.java:124)
	at org.springframework.context.annotation.ConfigurationClassPostProcessor.processConfigBeanDefinitions(ConfigurationClassPostProcessor.java:454)
	at org.springframework.context.annotation.ConfigurationClassPostProcessor.postProcessBeanDefinitionRegistry(ConfigurationClassPostProcessor.java:306)
	at org.springframework.context.support.PostProcessorRegistrationDelegate.invokeBeanDefinitionRegistryPostProcessors(PostProcessorRegistrationDelegate.java:349)
	at org.springframework.context.support.PostProcessorRegistrationDelegate.invokeBeanFactoryPostProcessors(PostProcessorRegistrationDelegate.java:118)
	at org.springframework.context.support.AbstractApplicationContext.invokeBeanFactoryPostProcessors(AbstractApplicationContext.java:784)
	at org.springframework.context.support.AbstractApplicationContext.refresh(AbstractApplicationContext.java:602)
	at org.springframework.boot.web.server.servlet.context.ServletWebServerApplicationContext.refresh(ServletWebServerApplicationContext.java:143)
	at org.springframework.boot.SpringApplication.refresh(SpringApplication.java:765)
	at org.springframework.boot.SpringApplication.refreshContext(SpringApplication.java:454)
	at org.springframework.boot.SpringApplication.run(SpringApplication.java:321)
	at org.springframework.boot.SpringApplication.run(SpringApplication.java:1374)
	at org.springframework.boot.SpringApplication.run(SpringApplication.java:1363)
	at com.example.perestoronin.springbook.simple_spring_boot_mvc.SimpleSpringBootMvcApplication.main(SimpleSpringBootMvcApplication.java:9)
Caused by: java.lang.IllegalStateException: Failed to introspect Class [org.springframework.security.config.annotation.method.configuration.PrePostMethodSecurityConfiguration] from ClassLoader [jdk.internal.loader.ClassLoaders$AppClassLoader@1d44bcfa]
	at org.springframework.util.ReflectionUtils.getDeclaredMethods(ReflectionUtils.java:483)
	at org.springframework.util.ReflectionUtils.doWithMethods(ReflectionUtils.java:360)
	at org.springframework.util.ReflectionUtils.getUniqueDeclaredMethods(ReflectionUtils.java:417)
	at org.springframework.beans.factory.support.AbstractAutowireCapableBeanFactory.lambda$getTypeForFactoryMethod$0(AbstractAutowireCapableBeanFactory.java:750)
	at java.base/java.util.concurrent.ConcurrentHashMap.computeIfAbsent(ConcurrentHashMap.java:1708)
	at org.springframework.beans.factory.support.AbstractAutowireCapableBeanFactory.getTypeForFactoryMethod(AbstractAutowireCapableBeanFactory.java:749)
	at org.springframework.beans.factory.support.AbstractAutowireCapableBeanFactory.determineTargetType(AbstractAutowireCapableBeanFactory.java:683)
	at org.springframework.beans.factory.support.AbstractAutowireCapableBeanFactory.predictBeanType(AbstractAutowireCapableBeanFactory.java:655)
	at org.springframework.beans.factory.support.AbstractBeanFactory.isFactoryBean(AbstractBeanFactory.java:1699)
	at org.springframework.beans.factory.support.DefaultListableBeanFactory.doGetBeanNamesForType(DefaultListableBeanFactory.java:632)
	at org.springframework.beans.factory.support.DefaultListableBeanFactory.getBeanNamesForType(DefaultListableBeanFactory.java:604)
	at org.springframework.beans.factory.support.DefaultListableBeanFactory.getBeanNamesForType(DefaultListableBeanFactory.java:589)
	at org.springframework.boot.autoconfigure.condition.OnBeanCondition.collectBeanDefinitionsForType(OnBeanCondition.java:331)
	at org.springframework.boot.autoconfigure.condition.OnBeanCondition.getBeanDefinitionsForType(OnBeanCondition.java:323)
	at org.springframework.boot.autoconfigure.condition.OnBeanCondition.getMatchingBeans(OnBeanCondition.java:221)
	at org.springframework.boot.autoconfigure.condition.OnBeanCondition.evaluateConditionalOnMissingBean(OnBeanCondition.java:204)
	at org.springframework.boot.autoconfigure.condition.OnBeanCondition.getMatchOutcome(OnBeanCondition.java:149)
	at org.springframework.boot.autoconfigure.condition.SpringBootCondition.matches(SpringBootCondition.java:47)
	... 17 common frames omitted
Caused by: java.lang.NoClassDefFoundError: org/springframework/security/authorization/AuthorizationManagerFactory
	at java.base/java.lang.Class.getDeclaredMethods0(Native Method)
	at java.base/java.lang.Class.privateGetDeclaredMethods(Class.java:3402)
	at java.base/java.lang.Class.getDeclaredMethods(Class.java:2504)
	at org.springframework.util.ReflectionUtils.getDeclaredMethods(ReflectionUtils.java:465)
	... 34 common frames omitted
Caused by: java.lang.ClassNotFoundException: org.springframework.security.authorization.AuthorizationManagerFactory
	at java.base/jdk.internal.loader.BuiltinClassLoader.loadClass(BuiltinClassLoader.java:641)
	at java.base/jdk.internal.loader.ClassLoaders$AppClassLoader.loadClass(ClassLoaders.java:188)
	at java.base/java.lang.ClassLoader.loadClass(ClassLoader.java:525)
	... 38 common frames omitted
13.01.2026 22:16:30.792 [main] INFO  c.e.p.s.s.SimpleSpringBootMvcApplication - Starting SimpleSpringBootMvcApplication using Java 17.0.14 with PID 5132 (D:\JavaProjects\springBookProject\simple-spring-boot-mvc\target\classes started by Eduard in D:\JavaProjects\springBookProject\simple-spring-boot-mvc)
13.01.2026 22:16:30.794 [main] INFO  c.e.p.s.s.SimpleSpringBootMvcApplication - No active profile set, falling back to 1 default profile: "default"
13.01.2026 22:16:30.902 [background-preinit] INFO  o.h.v.i.util.Version - HV000001: Hibernate Validator 9.0.1.Final
13.01.2026 22:16:31.110 [main] INFO  o.s.d.r.c.RepositoryConfigurationDelegate - Bootstrapping Spring Data JPA repositories in DEFAULT mode.
13.01.2026 22:16:31.143 [main] INFO  o.s.d.r.c.RepositoryConfigurationDelegate - Finished Spring Data repository scanning in 28 ms. Found 4 JPA repository interfaces.
13.01.2026 22:16:31.369 [main] INFO  o.s.b.t.TomcatWebServer - Tomcat initialized with port 8888 (http)
13.01.2026 22:16:31.375 [main] INFO  o.a.c.h.Http11NioProtocol - Initializing ProtocolHandler ["http-nio-8888"]
13.01.2026 22:16:31.376 [main] INFO  o.a.c.c.StandardService - Starting service [Tomcat]
13.01.2026 22:16:31.376 [main] INFO  o.a.c.c.StandardEngine - Starting Servlet engine: [Apache Tomcat/11.0.14]
13.01.2026 22:16:31.405 [main] INFO  o.s.b.w.c.s.WebApplicationContextInitializer - Root WebApplicationContext: initialization completed in 591 ms
13.01.2026 22:16:31.468 [main] INFO  c.z.h.HikariDataSource - HikariPool-1 - Starting...
13.01.2026 22:16:31.563 [main] INFO  c.z.h.p.HikariPool - HikariPool-1 - Added connection org.postgresql.jdbc.PgConnection@7ac058a0
13.01.2026 22:16:31.565 [main] INFO  c.z.h.HikariDataSource - HikariPool-1 - Start completed.
13.01.2026 22:16:31.583 [main] INFO  o.h.j.i.u.LogHelper - HHH000204: Processing PersistenceUnitInfo [name: default]
13.01.2026 22:16:31.613 [main] INFO  o.hibernate.Version - HHH000412: Hibernate ORM core version 7.1.8.Final
13.01.2026 22:16:31.845 [main] INFO  o.s.o.j.p.SpringPersistenceUnitInfo - No LoadTimeWeaver setup: ignoring JPA class transformer
13.01.2026 22:16:31.899 [main] INFO  o.h.o.c.pooling - HHH10001005: Database info:
	Database JDBC URL [jdbc:postgresql://localhost:5432/myPetMVC]
	Database driver: PostgreSQL JDBC Driver
	Database dialect: PostgreSQLDialect
	Database version: 17.4
	Default catalog/schema: myPetMVC/public
	Autocommit mode: undefined/unknown
	Isolation level: READ_COMMITTED [default READ_COMMITTED]
	JDBC fetch size: none
	Pool: DatasourceConnectionProviderImpl
	Minimum pool size: undefined/unknown
	Maximum pool size: undefined/unknown
13.01.2026 22:16:31.998 [main] WARN  o.h.b.m.i.CollectionBinder - Association 'com.example.perestoronin.springbook.simple_spring_boot_mvc.dao.domain.Pet.achievements' is 'mappedBy' another entity and should not specify a '@MapKeyColumn' (use '@MapKey' instead)
13.01.2026 22:16:32.001 [main] WARN  o.h.b.m.i.CollectionBinder - Association 'com.example.perestoronin.springbook.simple_spring_boot_mvc.dao.domain.Pet.buildingMaterials' is 'mappedBy' another entity and should not specify a '@MapKeyColumn' (use '@MapKey' instead)
13.01.2026 22:16:32.002 [main] WARN  o.h.b.m.i.CollectionBinder - Association 'com.example.perestoronin.springbook.simple_spring_boot_mvc.dao.domain.Pet.drinks' is 'mappedBy' another entity and should not specify a '@MapKeyColumn' (use '@MapKey' instead)
13.01.2026 22:16:32.003 [main] WARN  o.h.b.m.i.CollectionBinder - Association 'com.example.perestoronin.springbook.simple_spring_boot_mvc.dao.domain.Pet.foods' is 'mappedBy' another entity and should not specify a '@MapKeyColumn' (use '@MapKey' instead)
13.01.2026 22:16:32.003 [main] WARN  o.h.b.m.i.CollectionBinder - Association 'com.example.perestoronin.springbook.simple_spring_boot_mvc.dao.domain.Pet.journalEntries' is 'mappedBy' another entity and should not specify a '@MapKeyColumn' (use '@MapKey' instead)
13.01.2026 22:16:32.009 [main] WARN  o.h.b.m.i.CollectionBinder - Association 'com.example.perestoronin.springbook.simple_spring_boot_mvc.dao.domain.Refrigerator.refrigeratorCosts' is 'mappedBy' another entity and should not specify a '@MapKeyColumn' (use '@MapKey' instead)
13.01.2026 22:16:32.524 [main] INFO  o.h.e.t.j.p.i.JtaPlatformInitiator - HHH000489: No JTA platform available (set 'hibernate.transaction.jta.platform' to enable JTA platform integration)
13.01.2026 22:16:32.666 [main] INFO  o.s.o.j.LocalContainerEntityManagerFactoryBean - Initialized JPA EntityManagerFactory for persistence unit 'default'
13.01.2026 22:16:32.709 [main] INFO  o.s.d.j.r.q.QueryEnhancerFactories - Hibernate is in classpath; If applicable, HQL parser will be used.
13.01.2026 22:16:32.832 [main] WARN  o.s.b.j.a.JpaBaseConfiguration$JpaWebConfiguration - spring.jpa.open-in-view is enabled by default. Therefore, database queries may be performed during view rendering. Explicitly configure spring.jpa.open-in-view to disable this warning
13.01.2026 22:16:32.996 [main] INFO  o.a.c.h.Http11NioProtocol - Starting ProtocolHandler ["http-nio-8888"]
13.01.2026 22:16:33.007 [main] INFO  o.s.b.t.TomcatWebServer - Tomcat started on port 8888 (http) with context path '/'
13.01.2026 22:16:33.010 [main] INFO  c.e.p.s.s.SimpleSpringBootMvcApplication - Started SimpleSpringBootMvcApplication in 2.427 seconds (process running for 2.83)
13.01.2026 22:16:43.015 [http-nio-8888-exec-1] INFO  o.a.c.c.C.[.[.[/] - Initializing Spring DispatcherServlet 'dispatcherServlet'
13.01.2026 22:16:43.015 [http-nio-8888-exec-1] INFO  o.s.w.s.DispatcherServlet - Initializing Servlet 'dispatcherServlet'
13.01.2026 22:16:43.016 [http-nio-8888-exec-1] INFO  o.s.w.s.DispatcherServlet - Completed initialization in 1 ms
13.01.2026 22:26:30.602 [http-nio-8888-exec-9] WARN  o.s.w.s.m.s.DefaultHandlerExceptionResolver - Resolved [org.springframework.web.HttpRequestMethodNotSupportedException: Request method 'GET' is not supported]
13.01.2026 22:33:05.095 [http-nio-8888-exec-6] WARN  o.s.w.s.m.s.DefaultHandlerExceptionResolver - Resolved [org.springframework.web.HttpMediaTypeNotSupportedException: Content-Type is not supported]
13.01.2026 22:33:30.781 [SpringApplicationShutdownHook] INFO  o.s.b.t.GracefulShutdown - Commencing graceful shutdown. Waiting for active requests to complete
13.01.2026 22:33:30.790 [tomcat-shutdown] INFO  o.s.b.t.GracefulShutdown - Graceful shutdown complete
13.01.2026 22:33:30.793 [SpringApplicationShutdownHook] INFO  o.s.o.j.LocalContainerEntityManagerFactoryBean - Closing JPA EntityManagerFactory for persistence unit 'default'
13.01.2026 22:33:30.794 [SpringApplicationShutdownHook] INFO  c.z.h.HikariDataSource - HikariPool-1 - Shutdown initiated...
13.01.2026 22:33:30.795 [SpringApplicationShutdownHook] INFO  c.z.h.HikariDataSource - HikariPool-1 - Shutdown completed.
13.01.2026 22:33:37.630 [main] INFO  c.e.p.s.s.SimpleSpringBootMvcApplication - Starting SimpleSpringBootMvcApplication using Java 17.0.14 with PID 7464 (D:\JavaProjects\springBookProject\simple-spring-boot-mvc\target\classes started by Eduard in D:\JavaProjects\springBookProject\simple-spring-boot-mvc)
13.01.2026 22:33:37.632 [main] INFO  c.e.p.s.s.SimpleSpringBootMvcApplication - No active profile set, falling back to 1 default profile: "default"
13.01.2026 22:33:37.743 [background-preinit] INFO  o.h.v.i.util.Version - HV000001: Hibernate Validator 9.0.1.Final
13.01.2026 22:33:38.003 [main] INFO  o.s.d.r.c.RepositoryConfigurationDelegate - Bootstrapping Spring Data JPA repositories in DEFAULT mode.
13.01.2026 22:33:38.043 [main] INFO  o.s.d.r.c.RepositoryConfigurationDelegate - Finished Spring Data repository scanning in 35 ms. Found 4 JPA repository interfaces.
13.01.2026 22:33:38.308 [main] INFO  o.s.b.t.TomcatWebServer - Tomcat initialized with port 8888 (http)
13.01.2026 22:33:38.314 [main] INFO  o.a.c.h.Http11NioProtocol - Initializing ProtocolHandler ["http-nio-8888"]
13.01.2026 22:33:38.315 [main] INFO  o.a.c.c.StandardService - Starting service [Tomcat]
13.01.2026 22:33:38.315 [main] INFO  o.a.c.c.StandardEngine - Starting Servlet engine: [Apache Tomcat/11.0.14]
13.01.2026 22:33:38.347 [main] INFO  o.s.b.w.c.s.WebApplicationContextInitializer - Root WebApplicationContext: initialization completed in 693 ms
13.01.2026 22:33:38.415 [main] INFO  c.z.h.HikariDataSource - HikariPool-1 - Starting...
13.01.2026 22:33:38.509 [main] INFO  c.z.h.p.HikariPool - HikariPool-1 - Added connection org.postgresql.jdbc.PgConnection@1b46392c
13.01.2026 22:33:38.510 [main] INFO  c.z.h.HikariDataSource - HikariPool-1 - Start completed.
13.01.2026 22:33:38.525 [main] INFO  o.h.j.i.u.LogHelper - HHH000204: Processing PersistenceUnitInfo [name: default]
13.01.2026 22:33:38.551 [main] INFO  o.hibernate.Version - HHH000412: Hibernate ORM core version 7.1.8.Final
13.01.2026 22:33:38.778 [main] INFO  o.s.o.j.p.SpringPersistenceUnitInfo - No LoadTimeWeaver setup: ignoring JPA class transformer
13.01.2026 22:33:38.836 [main] INFO  o.h.o.c.pooling - HHH10001005: Database info:
	Database JDBC URL [jdbc:postgresql://localhost:5432/myPetMVC]
	Database driver: PostgreSQL JDBC Driver
	Database dialect: PostgreSQLDialect
	Database version: 17.4
	Default catalog/schema: myPetMVC/public
	Autocommit mode: undefined/unknown
	Isolation level: READ_COMMITTED [default READ_COMMITTED]
	JDBC fetch size: none
	Pool: DatasourceConnectionProviderImpl
	Minimum pool size: undefined/unknown
	Maximum pool size: undefined/unknown
13.01.2026 22:33:38.936 [main] WARN  o.h.b.m.i.CollectionBinder - Association 'com.example.perestoronin.springbook.simple_spring_boot_mvc.dao.domain.Pet.achievements' is 'mappedBy' another entity and should not specify a '@MapKeyColumn' (use '@MapKey' instead)
13.01.2026 22:33:38.939 [main] WARN  o.h.b.m.i.CollectionBinder - Association 'com.example.perestoronin.springbook.simple_spring_boot_mvc.dao.domain.Pet.buildingMaterials' is 'mappedBy' another entity and should not specify a '@MapKeyColumn' (use '@MapKey' instead)
13.01.2026 22:33:38.940 [main] WARN  o.h.b.m.i.CollectionBinder - Association 'com.example.perestoronin.springbook.simple_spring_boot_mvc.dao.domain.Pet.drinks' is 'mappedBy' another entity and should not specify a '@MapKeyColumn' (use '@MapKey' instead)
13.01.2026 22:33:38.940 [main] WARN  o.h.b.m.i.CollectionBinder - Association 'com.example.perestoronin.springbook.simple_spring_boot_mvc.dao.domain.Pet.foods' is 'mappedBy' another entity and should not specify a '@MapKeyColumn' (use '@MapKey' instead)
13.01.2026 22:33:38.941 [main] WARN  o.h.b.m.i.CollectionBinder - Association 'com.example.perestoronin.springbook.simple_spring_boot_mvc.dao.domain.Pet.journalEntries' is 'mappedBy' another entity and should not specify a '@MapKeyColumn' (use '@MapKey' instead)
13.01.2026 22:33:38.947 [main] WARN  o.h.b.m.i.CollectionBinder - Association 'com.example.perestoronin.springbook.simple_spring_boot_mvc.dao.domain.Refrigerator.refrigeratorCosts' is 'mappedBy' another entity and should not specify a '@MapKeyColumn' (use '@MapKey' instead)
13.01.2026 22:33:39.476 [main] INFO  o.h.e.t.j.p.i.JtaPlatformInitiator - HHH000489: No JTA platform available (set 'hibernate.transaction.jta.platform' to enable JTA platform integration)
13.01.2026 22:33:39.622 [main] INFO  o.s.o.j.LocalContainerEntityManagerFactoryBean - Initialized JPA EntityManagerFactory for persistence unit 'default'
13.01.2026 22:33:39.662 [main] INFO  o.s.d.j.r.q.QueryEnhancerFactories - Hibernate is in classpath; If applicable, HQL parser will be used.
13.01.2026 22:33:39.785 [main] WARN  o.s.b.j.a.JpaBaseConfiguration$JpaWebConfiguration - spring.jpa.open-in-view is enabled by default. Therefore, database queries may be performed during view rendering. Explicitly configure spring.jpa.open-in-view to disable this warning
13.01.2026 22:33:39.958 [main] INFO  o.a.c.h.Http11NioProtocol - Starting ProtocolHandler ["http-nio-8888"]
13.01.2026 22:33:39.968 [main] INFO  o.s.b.t.TomcatWebServer - Tomcat started on port 8888 (http) with context path '/appbymp'
13.01.2026 22:33:39.971 [main] INFO  c.e.p.s.s.SimpleSpringBootMvcApplication - Started SimpleSpringBootMvcApplication in 2.559 seconds (process running for 3.003)
13.01.2026 22:33:50.692 [http-nio-8888-exec-2] INFO  o.a.c.c.C.[.[.[/appbymp] - Initializing Spring DispatcherServlet 'dispatcherServlet'
13.01.2026 22:33:50.692 [http-nio-8888-exec-2] INFO  o.s.w.s.DispatcherServlet - Initializing Servlet 'dispatcherServlet'
13.01.2026 22:33:50.693 [http-nio-8888-exec-2] INFO  o.s.w.s.DispatcherServlet - Completed initialization in 1 ms
13.01.2026 22:34:08.436 [SpringApplicationShutdownHook] INFO  o.s.b.t.GracefulShutdown - Commencing graceful shutdown. Waiting for active requests to complete
13.01.2026 22:34:08.445 [tomcat-shutdown] INFO  o.s.b.t.GracefulShutdown - Graceful shutdown complete
13.01.2026 22:34:08.447 [SpringApplicationShutdownHook] INFO  o.s.o.j.LocalContainerEntityManagerFactoryBean - Closing JPA EntityManagerFactory for persistence unit 'default'
13.01.2026 22:34:08.448 [SpringApplicationShutdownHook] INFO  c.z.h.HikariDataSource - HikariPool-1 - Shutdown initiated...
13.01.2026 22:34:08.450 [SpringApplicationShutdownHook] INFO  c.z.h.HikariDataSource - HikariPool-1 - Shutdown completed.
